<?xml version="1.0" encoding="UTF-8"?>
<!-- Generated by org.testng.reporters.JUnitXMLReporter -->
<testsuite ignored="0" hostname="DESKTOP-EO9AL9V" failures="0" tests="11" name="Default test" time="204.514" errors="0" timestamp="2024-12-27T17:02:37 IST">
  <testcase classname="com.test.Login" name="RegisterInvalidEmail" time="2.293"/>
  <testcase classname="com.test.Login" name="RegisterPasswordEmpty" time="1.503"/>
  <testcase classname="com.test.Login" name="RegisterSuccess" time="22.333"/>
  <testcase classname="com.test.Login" name="LoginInvalidEmail" time="1.861"/>
  <testcase classname="com.test.Login" name="LoginInvalidcredentials" time="41.289"/>
  <testcase classname="com.test.Login" name="LoginSuccess" time="6.252"/>
  <testcase classname="com.test.Login" name="BotEmptyFieldValidation" time="9.348"/>
  <testcase classname="com.test.Login" name="BotCreateSuccess" time="42.963"/>
  <testcase classname="com.test.Login" name="BotUpdateEmptyValidation" time="8.411"/>
  <testcase classname="com.test.Login" name="BotUpdateSuccess" time="43.046"/>
  <testcase classname="com.test.Login" name="Botdelete" time="5.706"/>
</testsuite> <!-- Default test -->
