<?xml version="1.0" encoding="UTF-8"?>
<!-- Generated by org.testng.reporters.JUnitXMLReporter -->
<testsuite ignored="0" hostname="DESKTOP-EO9AL9V" failures="0" tests="5" name="Default test" time="106.549" errors="0" timestamp="2025-06-05T17:56:01 IST">
  <testcase classname="com.test.Botlist" name="LoginSuccess" time="7.238"/>
  <testcase classname="com.test.Botlist" name="BotCreateSuccess" time="34.028"/>
  <testcase classname="com.test.Botlist" name="FileInvalid" time="17.344"/>
  <testcase classname="com.test.Botlist" name="TXTFileSync" time="19.443"/>
  <testcase classname="com.test.Botlist" name="WidgetDownload" time="19.168"/>
</testsuite> <!-- Default test -->
