<?xml version="1.0" encoding="UTF-8"?>
<!-- Generated by org.testng.reporters.JUnitXMLReporter -->
<testsuite ignored="0" hostname="DESKTOP-EO9AL9V" failures="1" tests="18" name="Test" time="368.706" errors="0" timestamp="2025-02-13T14:29:00 IST">
  <testcase classname="com.test.Login" name="RegisterInvalidEmail" time="3.288"/>
  <testcase classname="com.test.Login" name="RegisterPasswordEmpty" time="1.508"/>
  <testcase classname="com.test.Login" name="RegisterSuccess" time="25.808"/>
  <testcase classname="com.test.Login" name="LoginInvalidEmail" time="1.972"/>
  <testcase classname="com.test.Login" name="LoginInvalidcredentials" time="40.88"/>
  <testcase classname="com.test.Login" name="LoginSuccess" time="5.467"/>
  <testcase classname="com.test.Login" name="BotEmptyFieldValidation" time="9.295"/>
  <testcase classname="com.test.Login" name="BotCreateSuccess" time="42.915"/>
  <testcase classname="com.test.Login" name="BotUpdateEmptyValidation" time="7.377"/>
  <testcase classname="com.test.Login" name="BotUpdateSuccess" time="43.039"/>
  <testcase classname="com.test.Login" name="Botdelete" time="3.802"/>
  <testcase classname="com.test.Botlist" name="LoginSuccess" time="9.761"/>
  <testcase classname="com.test.Botlist" name="BotCreateSuccess" time="32.401"/>
  <testcase classname="com.test.Botlist" name="txtfilesync" time="30.676"/>
  <testcase classname="com.test.Botlist" name="txtcontentfilesync" time="17.462"/>
  <testcase classname="com.test.Botlist" name="pdffilesync" time="30.273"/>
  <testcase classname="com.test.Botlist" name="docfilesync" time="25.894"/>
  <testcase classname="com.test.Botlist" name="chatbotspreview" time="3.132">
    <failure type="org.openqa.selenium.ElementClickInterceptedException" message="element click intercepted: Element &amp;lt;a class=&amp;quot;menuli chatbotpreview&amp;quot; href=&amp;quot;https://buildchatbot.ai/chatbots/preview&amp;quot;&amp;gt;...&amp;lt;/a&amp;gt; is not clickable at point (488, 10). Other element would receive the click: &amp;lt;a class=&amp;quot;nav-link&amp;quot; href=&amp;quot;https://buildchatbot.ai/integrations&amp;quot;&amp;gt;...&amp;lt;/a&amp;gt;
  (Session info: chrome=133.0.6943.59)
Build info: version: &amp;apos;4.19.1&amp;apos;, revision: &amp;apos;abe0ee07dc&amp;apos;
System info: os.name: &amp;apos;Windows 10&amp;apos;, os.arch: &amp;apos;amd64&amp;apos;, os.version: &amp;apos;10.0&amp;apos;, java.version: &amp;apos;17.0.3&amp;apos;
Driver info: org.openqa.selenium.chrome.ChromeDriver
Command: [2cf740f5853c082c557c2afda489c6ce, clickElement {id=f.6D3CA618F8F066A27563827ADD7DBCF0.d.9EFC95C0ED511BDDAB4B263987AAD4BA.e.3614}]
Capabilities {acceptInsecureCerts: false, browserName: chrome, browserVersion: 133.0.6943.59, chrome: {chromedriverVersion: 133.0.6943.98 (da53563ceb66..., userDataDir: C:\Users\Admin\AppData\Loca...}, fedcm:accounts: true, goog:chromeOptions: {debuggerAddress: localhost:60041}, networkConnectionEnabled: false, pageLoadStrategy: normal, platformName: windows, proxy: Proxy(), se:cdp: ws://localhost:60041/devtoo..., se:cdpVersion: 133.0.6943.59, setWindowRect: true, strictFileInteractability: false, timeouts: {implicit: 0, pageLoad: 300000, script: 30000}, unhandledPromptBehavior: dismiss and notify, webauthn:extension:credBlob: true, webauthn:extension:largeBlob: true, webauthn:extension:minPinLength: true, webauthn:extension:prf: true, webauthn:virtualAuthenticators: true}
Element: [[ChromeDriver: chrome on windows (2cf740f5853c082c557c2afda489c6ce)] -&amp;gt; xpath: //*[@id=&amp;apos;page&amp;apos;]/section/div[2]/div/div/div/div/div[1]/ul/li[2]/a]
Session ID: 2cf740f5853c082c557c2afda489c6ce">
      <![CDATA[org.openqa.selenium.ElementClickInterceptedException: element click intercepted: Element <a class="menuli chatbotpreview" href="https://buildchatbot.ai/chatbots/preview">...</a> is not clickable at point (488, 10). Other element would receive the click: <a class="nav-link" href="https://buildchatbot.ai/integrations">...</a>
  (Session info: chrome=133.0.6943.59)
Build info: version: '4.19.1', revision: 'abe0ee07dc'
System info: os.name: 'Windows 10', os.arch: 'amd64', os.version: '10.0', java.version: '17.0.3'
Driver info: org.openqa.selenium.chrome.ChromeDriver
Command: [2cf740f5853c082c557c2afda489c6ce, clickElement {id=f.6D3CA618F8F066A27563827ADD7DBCF0.d.9EFC95C0ED511BDDAB4B263987AAD4BA.e.3614}]
Capabilities {acceptInsecureCerts: false, browserName: chrome, browserVersion: 133.0.6943.59, chrome: {chromedriverVersion: 133.0.6943.98 (da53563ceb66..., userDataDir: C:\Users\Admin\AppData\Loca...}, fedcm:accounts: true, goog:chromeOptions: {debuggerAddress: localhost:60041}, networkConnectionEnabled: false, pageLoadStrategy: normal, platformName: windows, proxy: Proxy(), se:cdp: ws://localhost:60041/devtoo..., se:cdpVersion: 133.0.6943.59, setWindowRect: true, strictFileInteractability: false, timeouts: {implicit: 0, pageLoad: 300000, script: 30000}, unhandledPromptBehavior: dismiss and notify, webauthn:extension:credBlob: true, webauthn:extension:largeBlob: true, webauthn:extension:minPinLength: true, webauthn:extension:prf: true, webauthn:virtualAuthenticators: true}
Element: [[ChromeDriver: chrome on windows (2cf740f5853c082c557c2afda489c6ce)] -> xpath: //*[@id='page']/section/div[2]/div/div/div/div/div[1]/ul/li[2]/a]
Session ID: 2cf740f5853c082c557c2afda489c6ce
at org.openqa.selenium.remote.ErrorCodec.decode(ErrorCodec.java:167)
at org.openqa.selenium.remote.codec.w3c.W3CHttpResponseCodec.decode(W3CHttpResponseCodec.java:138)
at org.openqa.selenium.remote.codec.w3c.W3CHttpResponseCodec.decode(W3CHttpResponseCodec.java:50)
at org.openqa.selenium.remote.HttpCommandExecutor.execute(HttpCommandExecutor.java:190)
at org.openqa.selenium.remote.service.DriverCommandExecutor.invokeExecute(DriverCommandExecutor.java:216)
at org.openqa.selenium.remote.service.DriverCommandExecutor.execute(DriverCommandExecutor.java:174)
at org.openqa.selenium.remote.RemoteWebDriver.execute(RemoteWebDriver.java:518)
at org.openqa.selenium.remote.RemoteWebElement.execute(RemoteWebElement.java:223)
at org.openqa.selenium.remote.RemoteWebElement.click(RemoteWebElement.java:76)
at org.bcb.pageobjectclass.Botlist_Pageclass.click(Botlist_Pageclass.java:101)
at org.bcb.pageobjectclass.Botlist_Pageclass.chatbotpreview(Botlist_Pageclass.java:331)
at com.test.Botlist.chatbotspreview(Botlist.java:223)
at java.base/java.util.ArrayList.forEach(ArrayList.java:1511)
... Removed 32 stack frames]]>
    </failure>
  </testcase> <!-- chatbotspreview -->
</testsuite> <!-- Test -->
