<?xml version="1.0" encoding="UTF-8"?>
<testng-results ignored="0" total="18" passed="17" failed="1" skipped="0">
  <reporter-output>
  </reporter-output>
  <suite started-at="2025-02-13T14:22:51 IST" name="Suite" finished-at="2025-02-13T14:29:00 IST" duration-ms="368706">
    <groups>
    </groups>
    <test started-at="2025-02-13T14:22:51 IST" name="Test" finished-at="2025-02-13T14:29:00 IST" duration-ms="368706">
      <class name="com.test.Botlist">
        <test-method is-config="true" signature="browser_launch()[pri:0, instance:com.test.Botlist@17f9d882]" started-at="2025-02-13T14:26:21 IST" name="browser_launch" finished-at="2025-02-13T14:26:29 IST" duration-ms="8449" status="PASS">
          <reporter-output>
          </reporter-output>
        </test-method> <!-- browser_launch -->
        <test-method signature="LoginSuccess()[pri:1, instance:com.test.Botlist@17f9d882]" started-at="2025-02-13T14:26:29 IST" name="LoginSuccess" finished-at="2025-02-13T14:26:39 IST" duration-ms="9761" status="PASS">
          <reporter-output>
          </reporter-output>
        </test-method> <!-- LoginSuccess -->
        <test-method signature="BotCreateSuccess()[pri:2, instance:com.test.Botlist@17f9d882]" started-at="2025-02-13T14:26:39 IST" name="BotCreateSuccess" finished-at="2025-02-13T14:27:11 IST" duration-ms="32401" status="PASS">
          <reporter-output>
          </reporter-output>
        </test-method> <!-- BotCreateSuccess -->
        <test-method signature="txtfilesync()[pri:3, instance:com.test.Botlist@17f9d882]" started-at="2025-02-13T14:27:11 IST" name="txtfilesync" finished-at="2025-02-13T14:27:42 IST" duration-ms="30676" status="PASS">
          <reporter-output>
          </reporter-output>
        </test-method> <!-- txtfilesync -->
        <test-method signature="txtcontentfilesync()[pri:4, instance:com.test.Botlist@17f9d882]" started-at="2025-02-13T14:27:42 IST" name="txtcontentfilesync" finished-at="2025-02-13T14:28:00 IST" duration-ms="17462" status="PASS">
          <reporter-output>
          </reporter-output>
        </test-method> <!-- txtcontentfilesync -->
        <test-method signature="pdffilesync()[pri:5, instance:com.test.Botlist@17f9d882]" started-at="2025-02-13T14:28:00 IST" name="pdffilesync" finished-at="2025-02-13T14:28:30 IST" duration-ms="30273" status="PASS">
          <reporter-output>
          </reporter-output>
        </test-method> <!-- pdffilesync -->
        <test-method signature="docfilesync()[pri:6, instance:com.test.Botlist@17f9d882]" started-at="2025-02-13T14:28:30 IST" name="docfilesync" finished-at="2025-02-13T14:28:56 IST" duration-ms="25894" status="PASS">
          <reporter-output>
          </reporter-output>
        </test-method> <!-- docfilesync -->
        <test-method signature="chatbotspreview()[pri:7, instance:com.test.Botlist@17f9d882]" started-at="2025-02-13T14:28:56 IST" name="chatbotspreview" finished-at="2025-02-13T14:28:59 IST" duration-ms="3132" status="FAIL">
          <exception class="org.openqa.selenium.ElementClickInterceptedException">
            <message>
              <![CDATA[element click intercepted: Element <a class="menuli chatbotpreview" href="https://buildchatbot.ai/chatbots/preview">...</a> is not clickable at point (488, 10). Other element would receive the click: <a class="nav-link" href="https://buildchatbot.ai/integrations">...</a>
  (Session info: chrome=133.0.6943.59)
Build info: version: '4.19.1', revision: 'abe0ee07dc'
System info: os.name: 'Windows 10', os.arch: 'amd64', os.version: '10.0', java.version: '17.0.3'
Driver info: org.openqa.selenium.chrome.ChromeDriver
Command: [2cf740f5853c082c557c2afda489c6ce, clickElement {id=f.6D3CA618F8F066A27563827ADD7DBCF0.d.9EFC95C0ED511BDDAB4B263987AAD4BA.e.3614}]
Capabilities {acceptInsecureCerts: false, browserName: chrome, browserVersion: 133.0.6943.59, chrome: {chromedriverVersion: 133.0.6943.98 (da53563ceb66..., userDataDir: C:\Users\Admin\AppData\Loca...}, fedcm:accounts: true, goog:chromeOptions: {debuggerAddress: localhost:60041}, networkConnectionEnabled: false, pageLoadStrategy: normal, platformName: windows, proxy: Proxy(), se:cdp: ws://localhost:60041/devtoo..., se:cdpVersion: 133.0.6943.59, setWindowRect: true, strictFileInteractability: false, timeouts: {implicit: 0, pageLoad: 300000, script: 30000}, unhandledPromptBehavior: dismiss and notify, webauthn:extension:credBlob: true, webauthn:extension:largeBlob: true, webauthn:extension:minPinLength: true, webauthn:extension:prf: true, webauthn:virtualAuthenticators: true}
Element: [[ChromeDriver: chrome on windows (2cf740f5853c082c557c2afda489c6ce)] -> xpath: //*[@id='page']/section/div[2]/div/div/div/div/div[1]/ul/li[2]/a]
Session ID: 2cf740f5853c082c557c2afda489c6ce]]>
            </message>
            <full-stacktrace>
              <![CDATA[org.openqa.selenium.ElementClickInterceptedException: element click intercepted: Element <a class="menuli chatbotpreview" href="https://buildchatbot.ai/chatbots/preview">...</a> is not clickable at point (488, 10). Other element would receive the click: <a class="nav-link" href="https://buildchatbot.ai/integrations">...</a>
  (Session info: chrome=133.0.6943.59)
Build info: version: '4.19.1', revision: 'abe0ee07dc'
System info: os.name: 'Windows 10', os.arch: 'amd64', os.version: '10.0', java.version: '17.0.3'
Driver info: org.openqa.selenium.chrome.ChromeDriver
Command: [2cf740f5853c082c557c2afda489c6ce, clickElement {id=f.6D3CA618F8F066A27563827ADD7DBCF0.d.9EFC95C0ED511BDDAB4B263987AAD4BA.e.3614}]
Capabilities {acceptInsecureCerts: false, browserName: chrome, browserVersion: 133.0.6943.59, chrome: {chromedriverVersion: 133.0.6943.98 (da53563ceb66..., userDataDir: C:\Users\Admin\AppData\Loca...}, fedcm:accounts: true, goog:chromeOptions: {debuggerAddress: localhost:60041}, networkConnectionEnabled: false, pageLoadStrategy: normal, platformName: windows, proxy: Proxy(), se:cdp: ws://localhost:60041/devtoo..., se:cdpVersion: 133.0.6943.59, setWindowRect: true, strictFileInteractability: false, timeouts: {implicit: 0, pageLoad: 300000, script: 30000}, unhandledPromptBehavior: dismiss and notify, webauthn:extension:credBlob: true, webauthn:extension:largeBlob: true, webauthn:extension:minPinLength: true, webauthn:extension:prf: true, webauthn:virtualAuthenticators: true}
Element: [[ChromeDriver: chrome on windows (2cf740f5853c082c557c2afda489c6ce)] -> xpath: //*[@id='page']/section/div[2]/div/div/div/div/div[1]/ul/li[2]/a]
Session ID: 2cf740f5853c082c557c2afda489c6ce
at java.base/jdk.internal.reflect.NativeConstructorAccessorImpl.newInstance0(Native Method)
at java.base/jdk.internal.reflect.NativeConstructorAccessorImpl.newInstance(NativeConstructorAccessorImpl.java:77)
at java.base/jdk.internal.reflect.DelegatingConstructorAccessorImpl.newInstance(DelegatingConstructorAccessorImpl.java:45)
at java.base/java.lang.reflect.Constructor.newInstanceWithCaller(Constructor.java:499)
at java.base/java.lang.reflect.Constructor.newInstance(Constructor.java:480)
at org.openqa.selenium.remote.ErrorCodec.decode(ErrorCodec.java:167)
at org.openqa.selenium.remote.codec.w3c.W3CHttpResponseCodec.decode(W3CHttpResponseCodec.java:138)
at org.openqa.selenium.remote.codec.w3c.W3CHttpResponseCodec.decode(W3CHttpResponseCodec.java:50)
at org.openqa.selenium.remote.HttpCommandExecutor.execute(HttpCommandExecutor.java:190)
at org.openqa.selenium.remote.service.DriverCommandExecutor.invokeExecute(DriverCommandExecutor.java:216)
at org.openqa.selenium.remote.service.DriverCommandExecutor.execute(DriverCommandExecutor.java:174)
at org.openqa.selenium.remote.RemoteWebDriver.execute(RemoteWebDriver.java:518)
at org.openqa.selenium.remote.RemoteWebElement.execute(RemoteWebElement.java:223)
at org.openqa.selenium.remote.RemoteWebElement.click(RemoteWebElement.java:76)
at org.bcb.pageobjectclass.Botlist_Pageclass.click(Botlist_Pageclass.java:101)
at org.bcb.pageobjectclass.Botlist_Pageclass.chatbotpreview(Botlist_Pageclass.java:331)
at com.test.Botlist.chatbotspreview(Botlist.java:223)
at java.base/jdk.internal.reflect.NativeMethodAccessorImpl.invoke0(Native Method)
at java.base/jdk.internal.reflect.NativeMethodAccessorImpl.invoke(NativeMethodAccessorImpl.java:77)
at java.base/jdk.internal.reflect.DelegatingMethodAccessorImpl.invoke(DelegatingMethodAccessorImpl.java:43)
at java.base/java.lang.reflect.Method.invoke(Method.java:568)
at org.testng.internal.invokers.MethodInvocationHelper.invokeMethod(MethodInvocationHelper.java:139)
at org.testng.internal.invokers.TestInvoker.invokeMethod(TestInvoker.java:664)
at org.testng.internal.invokers.TestInvoker.invokeTestMethod(TestInvoker.java:227)
at org.testng.internal.invokers.MethodRunner.runInSequence(MethodRunner.java:50)
at org.testng.internal.invokers.TestInvoker$MethodInvocationAgent.invoke(TestInvoker.java:957)
at org.testng.internal.invokers.TestInvoker.invokeTestMethods(TestInvoker.java:200)
at org.testng.internal.invokers.TestMethodWorker.invokeTestMethods(TestMethodWorker.java:148)
at org.testng.internal.invokers.TestMethodWorker.run(TestMethodWorker.java:128)
at java.base/java.util.ArrayList.forEach(ArrayList.java:1511)
at org.testng.TestRunner.privateRun(TestRunner.java:848)
at org.testng.TestRunner.run(TestRunner.java:621)
at org.testng.SuiteRunner.runTest(SuiteRunner.java:443)
at org.testng.SuiteRunner.runSequentially(SuiteRunner.java:437)
at org.testng.SuiteRunner.privateRun(SuiteRunner.java:397)
at org.testng.SuiteRunner.run(SuiteRunner.java:336)
at org.testng.SuiteRunnerWorker.runSuite(SuiteRunnerWorker.java:52)
at org.testng.SuiteRunnerWorker.run(SuiteRunnerWorker.java:95)
at org.testng.TestNG.runSuitesSequentially(TestNG.java:1280)
at org.testng.TestNG.runSuitesLocally(TestNG.java:1200)
at org.testng.TestNG.runSuites(TestNG.java:1114)
at org.testng.TestNG.run(TestNG.java:1082)
at org.testng.remote.AbstractRemoteTestNG.run(AbstractRemoteTestNG.java:115)
at org.testng.remote.RemoteTestNG.initAndRun(RemoteTestNG.java:251)
at org.testng.remote.RemoteTestNG.main(RemoteTestNG.java:77)
]]>
            </full-stacktrace>
          </exception> <!-- org.openqa.selenium.ElementClickInterceptedException -->
          <reporter-output>
          </reporter-output>
        </test-method> <!-- chatbotspreview -->
        <test-method is-config="true" signature="quit()[pri:0, instance:com.test.Botlist@17f9d882]" started-at="2025-02-13T14:28:59 IST" name="quit" finished-at="2025-02-13T14:29:00 IST" duration-ms="1268" status="PASS">
          <reporter-output>
          </reporter-output>
        </test-method> <!-- quit -->
      </class> <!-- com.test.Botlist -->
      <class name="com.test.Login">
        <test-method is-config="true" signature="browser_launch()[pri:0, instance:com.test.Login@53fb3dab]" started-at="2025-02-13T14:22:52 IST" name="browser_launch" finished-at="2025-02-13T14:23:13 IST" duration-ms="21757" status="PASS">
          <reporter-output>
          </reporter-output>
        </test-method> <!-- browser_launch -->
        <test-method signature="RegisterInvalidEmail()[pri:1, instance:com.test.Login@53fb3dab]" started-at="2025-02-13T14:23:13 IST" name="RegisterInvalidEmail" finished-at="2025-02-13T14:23:17 IST" duration-ms="3288" status="PASS">
          <reporter-output>
          </reporter-output>
        </test-method> <!-- RegisterInvalidEmail -->
        <test-method signature="RegisterPasswordEmpty()[pri:2, instance:com.test.Login@53fb3dab]" started-at="2025-02-13T14:23:17 IST" name="RegisterPasswordEmpty" finished-at="2025-02-13T14:23:18 IST" duration-ms="1508" status="PASS">
          <reporter-output>
          </reporter-output>
        </test-method> <!-- RegisterPasswordEmpty -->
        <test-method signature="RegisterSuccess()[pri:3, instance:com.test.Login@53fb3dab]" started-at="2025-02-13T14:23:18 IST" name="RegisterSuccess" finished-at="2025-02-13T14:23:44 IST" duration-ms="25808" status="PASS">
          <reporter-output>
          </reporter-output>
        </test-method> <!-- RegisterSuccess -->
        <test-method signature="LoginInvalidEmail()[pri:4, instance:com.test.Login@53fb3dab]" started-at="2025-02-13T14:23:44 IST" name="LoginInvalidEmail" finished-at="2025-02-13T14:23:46 IST" duration-ms="1972" status="PASS">
          <reporter-output>
          </reporter-output>
        </test-method> <!-- LoginInvalidEmail -->
        <test-method signature="LoginInvalidcredentials()[pri:5, instance:com.test.Login@53fb3dab]" started-at="2025-02-13T14:23:46 IST" name="LoginInvalidcredentials" finished-at="2025-02-13T14:24:27 IST" duration-ms="40880" status="PASS">
          <reporter-output>
          </reporter-output>
        </test-method> <!-- LoginInvalidcredentials -->
        <test-method signature="LoginSuccess()[pri:6, instance:com.test.Login@53fb3dab]" started-at="2025-02-13T14:24:27 IST" name="LoginSuccess" finished-at="2025-02-13T14:24:32 IST" duration-ms="5467" status="PASS">
          <reporter-output>
          </reporter-output>
        </test-method> <!-- LoginSuccess -->
        <test-method signature="BotEmptyFieldValidation()[pri:7, instance:com.test.Login@53fb3dab]" started-at="2025-02-13T14:24:32 IST" name="BotEmptyFieldValidation" finished-at="2025-02-13T14:24:41 IST" duration-ms="9295" status="PASS">
          <reporter-output>
          </reporter-output>
        </test-method> <!-- BotEmptyFieldValidation -->
        <test-method signature="BotCreateSuccess()[pri:8, instance:com.test.Login@53fb3dab]" started-at="2025-02-13T14:24:41 IST" name="BotCreateSuccess" finished-at="2025-02-13T14:25:24 IST" duration-ms="42915" status="PASS">
          <reporter-output>
          </reporter-output>
        </test-method> <!-- BotCreateSuccess -->
        <test-method signature="BotUpdateEmptyValidation()[pri:9, instance:com.test.Login@53fb3dab]" started-at="2025-02-13T14:25:24 IST" name="BotUpdateEmptyValidation" finished-at="2025-02-13T14:25:32 IST" duration-ms="7377" status="PASS">
          <reporter-output>
          </reporter-output>
        </test-method> <!-- BotUpdateEmptyValidation -->
        <test-method signature="BotUpdateSuccess()[pri:10, instance:com.test.Login@53fb3dab]" started-at="2025-02-13T14:25:32 IST" name="BotUpdateSuccess" finished-at="2025-02-13T14:26:15 IST" duration-ms="43039" status="PASS">
          <reporter-output>
          </reporter-output>
        </test-method> <!-- BotUpdateSuccess -->
        <test-method signature="Botdelete()[pri:11, instance:com.test.Login@53fb3dab]" started-at="2025-02-13T14:26:15 IST" name="Botdelete" finished-at="2025-02-13T14:26:19 IST" duration-ms="3802" status="PASS">
          <reporter-output>
          </reporter-output>
        </test-method> <!-- Botdelete -->
        <test-method is-config="true" signature="quit()[pri:0, instance:com.test.Login@53fb3dab]" started-at="2025-02-13T14:26:19 IST" name="quit" finished-at="2025-02-13T14:26:21 IST" duration-ms="2219" status="PASS">
          <reporter-output>
          </reporter-output>
        </test-method> <!-- quit -->
      </class> <!-- com.test.Login -->
    </test> <!-- Test -->
  </suite> <!-- Suite -->
</testng-results>
