<?xml version="1.0" encoding="UTF-8"?>
<testng-results ignored="0" total="8" passed="8" failed="0" skipped="0">
  <reporter-output>
  </reporter-output>
  <suite started-at="2024-04-11T12:58:10 IST" name="Default suite" finished-at="2024-04-11T13:00:24 IST" duration-ms="134259">
    <groups>
    </groups>
    <test started-at="2024-04-11T12:58:10 IST" name="Default test" finished-at="2024-04-11T13:00:24 IST" duration-ms="134259">
      <class name="com.test.Login">
        <test-method is-config="true" signature="browser_launch()[pri:0, instance:com.test.Login@15043a2f]" started-at="2024-04-11T12:58:10 IST" name="browser_launch" finished-at="2024-04-11T12:58:18 IST" duration-ms="7916" status="PASS">
          <reporter-output>
          </reporter-output>
        </test-method> <!-- browser_launch -->
        <test-method signature="RegisterInvalidEmail()[pri:1, instance:com.test.Login@15043a2f]" started-at="2024-04-11T12:58:18 IST" name="RegisterInvalidEmail" finished-at="2024-04-11T12:58:21 IST" duration-ms="2578" status="PASS">
          <reporter-output>
          </reporter-output>
        </test-method> <!-- RegisterInvalidEmail -->
        <test-method signature="RegisterPasswordEmpty()[pri:2, instance:com.test.Login@15043a2f]" started-at="2024-04-11T12:58:21 IST" name="RegisterPasswordEmpty" finished-at="2024-04-11T12:58:22 IST" duration-ms="970" status="PASS">
          <reporter-output>
          </reporter-output>
        </test-method> <!-- RegisterPasswordEmpty -->
        <test-method signature="RegisterSuccess()[pri:3, instance:com.test.Login@15043a2f]" started-at="2024-04-11T12:58:22 IST" name="RegisterSuccess" finished-at="2024-04-11T12:58:45 IST" duration-ms="23198" status="PASS">
          <reporter-output>
          </reporter-output>
        </test-method> <!-- RegisterSuccess -->
        <test-method signature="LoginInvalidEmail()[pri:4, instance:com.test.Login@15043a2f]" started-at="2024-04-11T12:58:45 IST" name="LoginInvalidEmail" finished-at="2024-04-11T12:58:46 IST" duration-ms="1268" status="PASS">
          <reporter-output>
          </reporter-output>
        </test-method> <!-- LoginInvalidEmail -->
        <test-method signature="LoginInvalidcredentials()[pri:5, instance:com.test.Login@15043a2f]" started-at="2024-04-11T12:58:46 IST" name="LoginInvalidcredentials" finished-at="2024-04-11T12:59:28 IST" duration-ms="41645" status="PASS">
          <reporter-output>
          </reporter-output>
        </test-method> <!-- LoginInvalidcredentials -->
        <test-method signature="LoginSuccess()[pri:6, instance:com.test.Login@15043a2f]" started-at="2024-04-11T12:59:28 IST" name="LoginSuccess" finished-at="2024-04-11T12:59:34 IST" duration-ms="6486" status="PASS">
          <reporter-output>
          </reporter-output>
        </test-method> <!-- LoginSuccess -->
        <test-method signature="BotEmptyFieldValidation()[pri:7, instance:com.test.Login@15043a2f]" started-at="2024-04-11T12:59:34 IST" name="BotEmptyFieldValidation" finished-at="2024-04-11T12:59:40 IST" duration-ms="5452" status="PASS">
          <reporter-output>
          </reporter-output>
        </test-method> <!-- BotEmptyFieldValidation -->
        <test-method signature="BotCreateSuccess()[pri:8, instance:com.test.Login@15043a2f]" started-at="2024-04-11T12:59:40 IST" name="BotCreateSuccess" finished-at="2024-04-11T13:00:22 IST" duration-ms="42844" status="PASS">
          <reporter-output>
          </reporter-output>
        </test-method> <!-- BotCreateSuccess -->
        <test-method is-config="true" signature="quit()[pri:0, instance:com.test.Login@15043a2f]" started-at="2024-04-11T13:00:22 IST" name="quit" finished-at="2024-04-11T13:00:24 IST" duration-ms="1843" status="PASS">
          <reporter-output>
          </reporter-output>
        </test-method> <!-- quit -->
      </class> <!-- com.test.Login -->
    </test> <!-- Default test -->
  </suite> <!-- Default suite -->
</testng-results>
